#-----------------------------------------------------------
# Vivado v2018.2 (64-bit)
# SW Build 2258646 on Thu Jun 14 20:03:12 MDT 2018
# IP Build 2256618 on Thu Jun 14 22:10:49 MDT 2018
# Start of session at: Sun Jan 20 19:24:25 2019
# Process ID: 1276
# Current directory: F:/1 - Universidad/4 - Cuarto curso/Sistemas Electronicos Digitales/Ascensor_VHDL/Proyecto
# Command line: vivado.exe -gui_launcher_event rodinguilauncherevent5520 F:\1 - Universidad\4 - Cuarto curso\Sistemas Electronicos Digitales\Ascensor_VHDL\Proyecto\Proyecto.xpr
# Log file: F:/1 - Universidad/4 - Cuarto curso/Sistemas Electronicos Digitales/Ascensor_VHDL/Proyecto/vivado.log
# Journal file: F:/1 - Universidad/4 - Cuarto curso/Sistemas Electronicos Digitales/Ascensor_VHDL/Proyecto\vivado.jou
#-----------------------------------------------------------
start_gui
open_project {F:/1 - Universidad/4 - Cuarto curso/Sistemas Electronicos Digitales/Ascensor_VHDL/Proyecto/Proyecto.xpr}
INFO: [ProjectBase 1-489] The host OS only allows 260 characters in a normal path. The project is stored in a path with more than 80 characters. If you experience issues with IP, Block Designs, or files not being found, please consider moving the project to a location with a shorter path. Alternately consider using the OS subst command to map part of the path to a drive letter.
Current project path is 'F:/1 - Universidad/4 - Cuarto curso/Sistemas Electronicos Digitales/Ascensor_VHDL/Proyecto'
Scanning sources...
Finished scanning sources
INFO: [IP_Flow 19-234] Refreshing IP repositories
INFO: [IP_Flow 19-1704] No user IP repositories specified
INFO: [IP_Flow 19-2313] Loaded Vivado IP repository 'C:/Xilinx/Vivado/2018.2/data/ip'.
open_project: Time (s): cpu = 00:00:18 ; elapsed = 00:00:41 . Memory (MB): peak = 798.297 ; gain = 93.141
update_compile_order -fileset sources_1
save_project_as Proyecto_2 {F:/1 - Universidad/4 - Cuarto curso/Sistemas Electronicos Digitales/Ascensor_VHDL/Proyecto_2} -force
INFO: [ProjectBase 1-489] The host OS only allows 260 characters in a normal path. The project is stored in a path with more than 80 characters. If you experience issues with IP, Block Designs, or files not being found, please consider moving the project to a location with a shorter path. Alternately consider using the OS subst command to map part of the path to a drive letter.
Current project path is 'F:/1 - Universidad/4 - Cuarto curso/Sistemas Electronicos Digitales/Ascensor_VHDL/Proyecto_2'
export_ip_user_files -of_objects  [get_files {{F:/1 - Universidad/4 - Cuarto curso/Sistemas Electronicos Digitales/Ascensor_VHDL/Proyecto/Restricciones/Nexys-4-DDR-Master.xdc}}] -no_script -reset -force -quiet
remove_files  -fileset constrs_1 {{F:/1 - Universidad/4 - Cuarto curso/Sistemas Electronicos Digitales/Ascensor_VHDL/Proyecto/Restricciones/Nexys-4-DDR-Master.xdc}}
add_files -fileset constrs_1 -norecurse {{F:/1 - Universidad/4 - Cuarto curso/Sistemas Electronicos Digitales/Ascensor_VHDL/Proyecto_2/Restricciones/Nexys-4-DDR-Master.xdc}}
close [ open {F:/1 - Universidad/4 - Cuarto curso/Sistemas Electronicos Digitales/Ascensor_VHDL/Proyecto_2/Proyecto_2.srcs/sources_1/new/debouncer.vhd} w ]
add_files {{F:/1 - Universidad/4 - Cuarto curso/Sistemas Electronicos Digitales/Ascensor_VHDL/Proyecto_2/Proyecto_2.srcs/sources_1/new/debouncer.vhd}}
update_compile_order -fileset sources_1
update_compile_order -fileset sources_1
close [ open {F:/1 - Universidad/4 - Cuarto curso/Sistemas Electronicos Digitales/Ascensor_VHDL/Proyecto_2/Proyecto_2.srcs/sources_1/new/sincronizador.vhd} w ]
add_files {{F:/1 - Universidad/4 - Cuarto curso/Sistemas Electronicos Digitales/Ascensor_VHDL/Proyecto_2/Proyecto_2.srcs/sources_1/new/sincronizador.vhd}}
update_compile_order -fileset sources_1
update_compile_order -fileset sources_1
exit
INFO: [Common 17-206] Exiting Vivado at Sun Jan 20 23:30:37 2019...
